[debug] [2019-10-31T09:47:27.934Z] ----------------------------------------------------------------------
[debug] [2019-10-31T09:47:27.941Z] Command:       C:\Program Files\nodejs\node.exe C:\Users\silas\AppData\Roaming\npm\node_modules\firebase-tools\lib\bin\firebase.js init
[debug] [2019-10-31T09:47:27.942Z] CLI Version:   7.6.2
[debug] [2019-10-31T09:47:27.942Z] Platform:      win32
[debug] [2019-10-31T09:47:27.943Z] Node Version:  v10.16.3
[debug] [2019-10-31T09:47:27.946Z] Time:          Thu Oct 31 2019 10:47:27 GMT+0100 (West Africa Standard Time)
[debug] [2019-10-31T09:47:27.947Z] ----------------------------------------------------------------------
[debug] [2019-10-31T09:47:27.947Z] 
[debug] [2019-10-31T09:47:27.975Z] > command requires scopes: ["email","openid","https://www.googleapis.com/auth/cloudplatformprojects.readonly","https://www.googleapis.com/auth/firebase","https://www.googleapis.com/auth/cloud-platform"]
[debug] [2019-10-31T09:47:27.977Z] > authorizing via signed-in user
[info] 
     ######## #### ########  ######## ########     ###     ######  ########
     ##        ##  ##     ## ##       ##     ##  ##   ##  ##       ##
     ######    ##  ########  ######   ########  #########  ######  ######
     ##        ##  ##    ##  ##       ##     ## ##     ##       ## ##
     ##       #### ##     ## ######## ########  ##     ##  ######  ########

You're about to initialize a Firebase project in this directory:

  C:\xampp\htdocs\cregital\photo-explorer

Before we get started, keep in mind:

  * You are currently outside your home directory

